This is pdfTeX, Version 3.14159265-2.6-1.40.18 (TeX Live 2017/Debian) (preloaded format=pdflatex 2017.12.16)  20 JAN 2018 21:13
entering extended mode
 restricted \write18 enabled.
 file:line:error style messages enabled.
 %&-line parsing enabled.
**main
(./main.tex
LaTeX2e <2017-04-15>
Babel <3.12> and hyphenation patterns for 38 language(s) loaded.
(./IEEEtran.cls
Document Class: IEEEtran 2015/08/26 V1.8b by Michael Shell
-- See the "IEEEtran_HOWTO" manual for usage information.
-- http://www.michaelshell.org/tex/ieeetran/
\@IEEEtrantmpdimenA=\dimen102
\@IEEEtrantmpdimenB=\dimen103
\@IEEEtrantmpdimenC=\dimen104
\@IEEEtrantmpcountA=\count79
\@IEEEtrantmpcountB=\count80
\@IEEEtrantmpcountC=\count81
\@IEEEtrantmptoksA=\toks14
LaTeX Font Info:    Try loading font information for OT1+ptm on input line 503.

(/usr/share/texlive/texmf-dist/tex/latex/psnfss/ot1ptm.fd
File: ot1ptm.fd 2001/06/04 font definitions for OT1/ptm.
)
-- Using IEEE Computer Society mode.
-- Using 8.5in x 11in (letter) paper.
-- Using PDF output.
\@IEEEnormalsizeunitybaselineskip=\dimen105
-- This is a 10 point document.
\CLASSINFOnormalsizebaselineskip=\dimen106
\CLASSINFOnormalsizeunitybaselineskip=\dimen107
\IEEEnormaljot=\dimen108
LaTeX Font Info:    Font shape `OT1/ptm/bx/n' in size <5.01874> not available
(Font)              Font shape `OT1/ptm/b/n' tried instead on input line 1090.
LaTeX Font Info:    Font shape `OT1/ptm/bx/it' in size <5.01874> not available
(Font)              Font shape `OT1/ptm/b/it' tried instead on input line 1090.

LaTeX Font Info:    Font shape `OT1/ptm/bx/n' in size <7.02625> not available
(Font)              Font shape `OT1/ptm/b/n' tried instead on input line 1090.
LaTeX Font Info:    Font shape `OT1/ptm/bx/it' in size <7.02625> not available
(Font)              Font shape `OT1/ptm/b/it' tried instead on input line 1090.

LaTeX Font Info:    Font shape `OT1/ptm/bx/n' in size <8.03> not available
(Font)              Font shape `OT1/ptm/b/n' tried instead on input line 1090.
LaTeX Font Info:    Font shape `OT1/ptm/bx/it' in size <8.03> not available
(Font)              Font shape `OT1/ptm/b/it' tried instead on input line 1090.

LaTeX Font Info:    Font shape `OT1/ptm/bx/n' in size <9.03374> not available
(Font)              Font shape `OT1/ptm/b/n' tried instead on input line 1090.
LaTeX Font Info:    Font shape `OT1/ptm/bx/it' in size <9.03374> not available
(Font)              Font shape `OT1/ptm/b/it' tried instead on input line 1090.

LaTeX Font Info:    Font shape `OT1/ptm/bx/n' in size <10.03749> not available
(Font)              Font shape `OT1/ptm/b/n' tried instead on input line 1090.
LaTeX Font Info:    Font shape `OT1/ptm/bx/it' in size <10.03749> not available

(Font)              Font shape `OT1/ptm/b/it' tried instead on input line 1090.

LaTeX Font Info:    Font shape `OT1/ptm/bx/n' in size <11.04124> not available
(Font)              Font shape `OT1/ptm/b/n' tried instead on input line 1090.
LaTeX Font Info:    Font shape `OT1/ptm/bx/it' in size <11.04124> not available

(Font)              Font shape `OT1/ptm/b/it' tried instead on input line 1090.

LaTeX Font Info:    Font shape `OT1/ptm/bx/n' in size <12.045> not available
(Font)              Font shape `OT1/ptm/b/n' tried instead on input line 1090.
LaTeX Font Info:    Font shape `OT1/ptm/bx/it' in size <12.045> not available
(Font)              Font shape `OT1/ptm/b/it' tried instead on input line 1090.

LaTeX Font Info:    Font shape `OT1/ptm/bx/n' in size <17.06374> not available
(Font)              Font shape `OT1/ptm/b/n' tried instead on input line 1090.
LaTeX Font Info:    Font shape `OT1/ptm/bx/it' in size <17.06374> not available

(Font)              Font shape `OT1/ptm/b/it' tried instead on input line 1090.

LaTeX Font Info:    Font shape `OT1/ptm/bx/n' in size <20.075> not available
(Font)              Font shape `OT1/ptm/b/n' tried instead on input line 1090.
LaTeX Font Info:    Font shape `OT1/ptm/bx/it' in size <20.075> not available
(Font)              Font shape `OT1/ptm/b/it' tried instead on input line 1090.

LaTeX Font Info:    Font shape `OT1/ptm/bx/n' in size <24.09> not available
(Font)              Font shape `OT1/ptm/b/n' tried instead on input line 1090.
LaTeX Font Info:    Font shape `OT1/ptm/bx/it' in size <24.09> not available
(Font)              Font shape `OT1/ptm/b/it' tried instead on input line 1090.

\IEEEquantizedlength=\dimen109
\IEEEquantizedlengthdiff=\dimen110
\IEEEquantizedtextheightdiff=\dimen111
\IEEEilabelindentA=\dimen112
\IEEEilabelindentB=\dimen113
\IEEEilabelindent=\dimen114
\IEEEelabelindent=\dimen115
\IEEEdlabelindent=\dimen116
\IEEElabelindent=\dimen117
\IEEEiednormlabelsep=\dimen118
\IEEEiedmathlabelsep=\dimen119
\IEEEiedtopsep=\skip41
\c@section=\count82
\c@subsection=\count83
\c@subsubsection=\count84
\c@paragraph=\count85
\c@IEEEsubequation=\count86
\abovecaptionskip=\skip42
\belowcaptionskip=\skip43
\c@figure=\count87
\c@table=\count88
\@IEEEeqnnumcols=\count89
\@IEEEeqncolcnt=\count90
\@IEEEsubeqnnumrollback=\count91
\@IEEEquantizeheightA=\dimen120
\@IEEEquantizeheightB=\dimen121
\@IEEEquantizeheightC=\dimen122
\@IEEEquantizeprevdepth=\dimen123
\@IEEEquantizemultiple=\count92
\@IEEEquantizeboxA=\box26
\@IEEEtmpitemindent=\dimen124
\IEEEPARstartletwidth=\dimen125
\c@IEEEbiography=\count93
\@IEEEtranrubishbin=\box27
) (/usr/share/texlive/texmf-dist/tex/latex/graphics/graphicx.sty
Package: graphicx 2017/06/01 v1.1a Enhanced LaTeX Graphics (DPC,SPQR)

(/usr/share/texlive/texmf-dist/tex/latex/graphics/keyval.sty
Package: keyval 2014/10/28 v1.15 key=value parser (DPC)
\KV@toks@=\toks15
)
(/usr/share/texlive/texmf-dist/tex/latex/graphics/graphics.sty
Package: graphics 2017/06/25 v1.2c Standard LaTeX Graphics (DPC,SPQR)

(/usr/share/texlive/texmf-dist/tex/latex/graphics/trig.sty
Package: trig 2016/01/03 v1.10 sin cos tan (DPC)
)
(/usr/share/texlive/texmf-dist/tex/latex/graphics-cfg/graphics.cfg
File: graphics.cfg 2016/06/04 v1.11 sample graphics configuration
)
Package graphics Info: Driver file: pdftex.def on input line 99.

(/usr/share/texlive/texmf-dist/tex/latex/graphics-def/pdftex.def
File: pdftex.def 2017/06/24 v1.0g Graphics/color driver for pdftex
))
\Gin@req@height=\dimen126
\Gin@req@width=\dimen127
)
(/usr/share/texlive/texmf-dist/tex/latex/amsfonts/amssymb.sty
Package: amssymb 2013/01/14 v3.01 AMS font symbols

(/usr/share/texlive/texmf-dist/tex/latex/amsfonts/amsfonts.sty
Package: amsfonts 2013/01/14 v3.01 Basic AMSFonts support
\@emptytoks=\toks16
\symAMSa=\mathgroup4
\symAMSb=\mathgroup5
LaTeX Font Info:    Overwriting math alphabet `\mathfrak' in version `bold'
(Font)                  U/euf/m/n --> U/euf/b/n on input line 106.
))
(/usr/share/texlive/texmf-dist/tex/latex/amsmath/amsmath.sty
Package: amsmath 2016/11/05 v2.16a AMS math features
\@mathmargin=\skip44

For additional information on amsmath, use the `?' option.
(/usr/share/texlive/texmf-dist/tex/latex/amsmath/amstext.sty
Package: amstext 2000/06/29 v2.01 AMS text

(/usr/share/texlive/texmf-dist/tex/latex/amsmath/amsgen.sty
File: amsgen.sty 1999/11/30 v2.0 generic functions
\@emptytoks=\toks17
\ex@=\dimen128
))
(/usr/share/texlive/texmf-dist/tex/latex/amsmath/amsbsy.sty
Package: amsbsy 1999/11/29 v1.2d Bold Symbols
\pmbraise@=\dimen129
)
(/usr/share/texlive/texmf-dist/tex/latex/amsmath/amsopn.sty
Package: amsopn 2016/03/08 v2.02 operator names
)
\inf@bad=\count94
LaTeX Info: Redefining \frac on input line 213.
\uproot@=\count95
\leftroot@=\count96
LaTeX Info: Redefining \overline on input line 375.
\classnum@=\count97
\DOTSCASE@=\count98
LaTeX Info: Redefining \ldots on input line 472.
LaTeX Info: Redefining \dots on input line 475.
LaTeX Info: Redefining \cdots on input line 596.
\Mathstrutbox@=\box28
\strutbox@=\box29
\big@size=\dimen130
LaTeX Font Info:    Redeclaring font encoding OML on input line 712.
LaTeX Font Info:    Redeclaring font encoding OMS on input line 713.
\macc@depth=\count99
\c@MaxMatrixCols=\count100
\dotsspace@=\muskip10
\c@parentequation=\count101
\dspbrk@lvl=\count102
\tag@help=\toks18
\row@=\count103
\column@=\count104
\maxfields@=\count105
\andhelp@=\toks19
\eqnshift@=\dimen131
\alignsep@=\dimen132
\tagshift@=\dimen133
\tagwidth@=\dimen134
\totwidth@=\dimen135
\lineht@=\dimen136
\@envbody=\toks20
\multlinegap=\skip45
\multlinetaggap=\skip46
\mathdisplay@stack=\toks21
LaTeX Info: Redefining \[ on input line 2817.
LaTeX Info: Redefining \] on input line 2818.
)
(/usr/share/texlive/texmf-dist/tex/latex/amscls/amsthm.sty
Package: amsthm 2015/03/04 v2.20.2
\thm@style=\toks22
\thm@bodyfont=\toks23
\thm@headfont=\toks24
\thm@notefont=\toks25
\thm@headpunct=\toks26
\thm@preskip=\skip47
\thm@postskip=\skip48
\thm@headsep=\skip49
\dth@everypar=\toks27
)
(/usr/share/texmf/tex/latex/bussproofs.sty
Proof Tree (bussproofs) style macros. Version 1.1.
\theLevel=\count106
\myMaxLevel=\count107
\myBoxA=\box30
\myBoxB=\box31
\myBoxC=\box32
\myBoxD=\box33
\myBoxLL=\box34
\myBoxRL=\box35
\thisAboveSkip=\dimen137
\thisBelowSkip=\dimen138
\newScoreStart=\dimen139
\newScoreEnd=\dimen140
\newCenter=\dimen141
\displace=\dimen142
\leftLowerAmt=\dimen143
\rightLowerAmt=\dimen144
\scoreHeight=\dimen145
\scoreDepth=\dimen146
\htLbox=\dimen147
\htRbox=\dimen148
\htRRbox=\dimen149
\htRRRbox=\dimen150
\htAbox=\dimen151
\htCbox=\dimen152
) (/usr/share/texlive/texmf-dist/tex/latex/url/url.sty
\Urlmuskip=\muskip11
Package: url 2013/09/16  ver 3.4  Verb mode for urls, etc.
)
(/usr/share/texlive/texmf-dist/tex/latex/listings/listings.sty
\lst@mode=\count108
\lst@gtempboxa=\box36
\lst@token=\toks28
\lst@length=\count109
\lst@currlwidth=\dimen153
\lst@column=\count110
\lst@pos=\count111
\lst@lostspace=\dimen154
\lst@width=\dimen155
\lst@newlines=\count112
\lst@lineno=\count113
\lst@maxwidth=\dimen156

(/usr/share/texlive/texmf-dist/tex/latex/listings/lstmisc.sty
File: lstmisc.sty 2015/06/04 1.6 (Carsten Heinz)
\c@lstnumber=\count114
\lst@skipnumbers=\count115
\lst@framebox=\box37
)
(/usr/share/texlive/texmf-dist/tex/latex/listings/listings.cfg
File: listings.cfg 2015/06/04 1.6 listings configuration
))
Package: listings 2015/06/04 1.6 (Carsten Heinz)
\c@definition=\count116
\c@theorem=\count117

(/usr/share/texlive/texmf-dist/tex/latex/listings/lstlang1.sty
File: lstlang1.sty 2015/06/04 1.6 listings language file
)

LaTeX Warning: Unused global option(s):
    [times].

(./main.aux)
\openout1 = `main.aux'.

LaTeX Font Info:    Checking defaults for OML/cmm/m/it on input line 55.
LaTeX Font Info:    ... okay on input line 55.
LaTeX Font Info:    Checking defaults for T1/cmr/m/n on input line 55.
LaTeX Font Info:    ... okay on input line 55.
LaTeX Font Info:    Checking defaults for OT1/cmr/m/n on input line 55.
LaTeX Font Info:    ... okay on input line 55.
LaTeX Font Info:    Checking defaults for OMS/cmsy/m/n on input line 55.
LaTeX Font Info:    ... okay on input line 55.
LaTeX Font Info:    Checking defaults for OMX/cmex/m/n on input line 55.
LaTeX Font Info:    ... okay on input line 55.
LaTeX Font Info:    Checking defaults for U/cmr/m/n on input line 55.
LaTeX Font Info:    ... okay on input line 55.

-- Lines per column: 58 (exact).
(/usr/share/texlive/texmf-dist/tex/context/base/mkii/supp-pdf.mkii
[Loading MPS to PDF converter (version 2006.09.02).]
\scratchcounter=\count118
\scratchdimen=\dimen157
\scratchbox=\box38
\nofMPsegments=\count119
\nofMParguments=\count120
\everyMPshowfont=\toks29
\MPscratchCnt=\count121
\MPscratchDim=\dimen158
\MPnumerator=\count122
\makeMPintoPDFobject=\count123
\everyMPtoPDFconversion=\toks30
) (/usr/share/texlive/texmf-dist/tex/latex/oberdiek/epstopdf-base.sty
Package: epstopdf-base 2016/05/15 v2.6 Base part for package epstopdf

(/usr/share/texlive/texmf-dist/tex/generic/oberdiek/infwarerr.sty
Package: infwarerr 2016/05/16 v1.4 Providing info/warning/error messages (HO)
)
(/usr/share/texlive/texmf-dist/tex/latex/oberdiek/grfext.sty
Package: grfext 2016/05/16 v1.2 Manage graphics extensions (HO)

(/usr/share/texlive/texmf-dist/tex/generic/oberdiek/kvdefinekeys.sty
Package: kvdefinekeys 2016/05/16 v1.4 Define keys (HO)

(/usr/share/texlive/texmf-dist/tex/generic/oberdiek/ltxcmds.sty
Package: ltxcmds 2016/05/16 v1.23 LaTeX kernel commands for general use (HO)
)))
(/usr/share/texlive/texmf-dist/tex/latex/oberdiek/kvoptions.sty
Package: kvoptions 2016/05/16 v3.12 Key value format for package options (HO)

(/usr/share/texlive/texmf-dist/tex/generic/oberdiek/kvsetkeys.sty
Package: kvsetkeys 2016/05/16 v1.17 Key value parser (HO)

(/usr/share/texlive/texmf-dist/tex/generic/oberdiek/etexcmds.sty
Package: etexcmds 2016/05/16 v1.6 Avoid name clashes with e-TeX commands (HO)

(/usr/share/texlive/texmf-dist/tex/generic/oberdiek/ifluatex.sty
Package: ifluatex 2016/05/16 v1.4 Provides the ifluatex switch (HO)
Package ifluatex Info: LuaTeX not detected.
)
Package etexcmds Info: Could not find \expanded.
(etexcmds)             That can mean that you are not using pdfTeX 1.50 or
(etexcmds)             that some package has redefined \expanded.
(etexcmds)             In the latter case, load this package earlier.
)))
(/usr/share/texlive/texmf-dist/tex/generic/oberdiek/pdftexcmds.sty
Package: pdftexcmds 2017/03/19 v0.25 Utility functions of pdfTeX for LuaTeX (HO
)

(/usr/share/texlive/texmf-dist/tex/generic/oberdiek/ifpdf.sty
Package: ifpdf 2017/03/15 v3.2 Provides the ifpdf switch
)
Package pdftexcmds Info: LuaTeX not detected.
Package pdftexcmds Info: \pdf@primitive is available.
Package pdftexcmds Info: \pdf@ifprimitive is available.
Package pdftexcmds Info: \pdfdraftmode found.
)
Package epstopdf-base Info: Redefining graphics rule for `.eps' on input line 4
38.
Package grfext Info: Graphics extension search list:
(grfext)             [.pdf,.png,.jpg,.mps,.jpeg,.jbig2,.jb2,.PDF,.PNG,.JPG,.JPE
G,.JBIG2,.JB2,.eps]
(grfext)             \AppendGraphicsExtensions on input line 456.

(/usr/share/texlive/texmf-dist/tex/latex/latexconfig/epstopdf-sys.cfg
File: epstopdf-sys.cfg 2010/07/13 v1.3 Configuration of (r)epstopdf for TeX Liv
e
))
\c@lstlisting=\count124
LaTeX Font Info:    Try loading font information for OT1+phv on input line 84.

(/usr/share/texlive/texmf-dist/tex/latex/psnfss/ot1phv.fd
File: ot1phv.fd 2001/06/04 scalable font definitions for OT1/phv.
)
LaTeX Font Info:    Font shape `OT1/ptm/bx/n' in size <14.05249> not available
(Font)              Font shape `OT1/ptm/b/n' tried instead on input line 84.
LaTeX Font Info:    Calculating math sizes for size <10.03749> on input line 10
0.
LaTeX Font Info:    Try loading font information for U+msa on input line 100.

(/usr/share/texlive/texmf-dist/tex/latex/amsfonts/umsa.fd
File: umsa.fd 2013/01/14 v3.01 AMS symbols A
)
LaTeX Font Info:    Try loading font information for U+msb on input line 100.

(/usr/share/texlive/texmf-dist/tex/latex/amsfonts/umsb.fd
File: umsb.fd 2013/01/14 v3.01 AMS symbols B
) [1{/var/lib/texmf/fonts/map/pdftex/updmap/pdftex.map}


] [2]
LaTeX Font Info:    Calculating math sizes for size <7.02625> on input line 173
.
LaTeX Font Info:    Try loading font information for OT1+pcr on input line 241.


(/usr/share/texlive/texmf-dist/tex/latex/psnfss/ot1pcr.fd
File: ot1pcr.fd 2001/06/04 font definitions for OT1/pcr.
) [3]
LaTeX Font Info:    Try loading font information for OMS+ptm on input line 259.


(/usr/share/texlive/texmf-dist/tex/latex/psnfss/omsptm.fd
File: omsptm.fd 
)
LaTeX Font Info:    Font shape `OMS/ptm/m/n' in size <7.02625> not available
(Font)              Font shape `OMS/cmsy/m/n' tried instead on input line 259.
LaTeX Font Info:    Try loading font information for OML+ptm on input line 305.


(/usr/share/texlive/texmf-dist/tex/latex/psnfss/omlptm.fd
File: omlptm.fd 
)
LaTeX Font Info:    Font shape `OML/ptm/m/n' in size <7.02625> not available
(Font)              Font shape `OML/cmm/m/it' tried instead on input line 305.
 [4]
Package epstopdf Info: Source file: <1stconfig.eps>
(epstopdf)                    date: 2018-01-12 15:19:42
(epstopdf)                    size: 22882 bytes
(epstopdf)             Output file: <1stconfig-eps-converted-to.pdf>
(epstopdf)                    date: 2018-01-14 17:10:40
(epstopdf)                    size: 7162 bytes
(epstopdf)             Command: <repstopdf --outfile=1stconfig-eps-converted-to
.pdf 1stconfig.eps>
(epstopdf)             \includegraphics on input line 376.
Package epstopdf Info: Output file is already uptodate.
<1stconfig-eps-converted-to.pdf, id=27, pagebox=cropbox, 361.35pt x 252.945pt>
File: 1stconfig-eps-converted-to.pdf Graphic file (type pdf)
<use 1stconfig-eps-converted-to.pdf>
Package pdftex.def Info: 1stconfig-eps-converted-to.pdf  used on input line 376
. on input line 376.
Package pdftex.def Info: Requested size: 252.94327pt x 177.06029pt on input lin
e 376.

Overfull \hbox (9.03201pt too wide) in paragraph at lines 376--377
[][] 
 []

LaTeX Font Info:    Calculating math sizes for size <8.03> on input line 377.
Package epstopdf Info: Source file: <1stconfig_1_90.eps>
(epstopdf)                    date: 2018-01-14 17:18:27
(epstopdf)                    size: 22897 bytes
(epstopdf)             Output file: <1stconfig_1_90-eps-converted-to.pdf>
(epstopdf)                    date: 2018-01-14 17:25:15
(epstopdf)                    size: 7203 bytes
(epstopdf)             Command: <repstopdf --outfile=1stconfig_1_90-eps-convert
ed-to.pdf 1stconfig_1_90.eps>
(epstopdf)             \includegraphics on input line 382.
Package epstopdf Info: Output file is already uptodate.
<1stconfig_1_90-eps-converted-to.pdf, id=28, pagebox=cropbox, 361.35pt x 252.94
5pt>
File: 1stconfig_1_90-eps-converted-to.pdf Graphic file (type pdf)
<use 1stconfig_1_90-eps-converted-to.pdf>
Package pdftex.def Info: 1stconfig_1_90-eps-converted-to.pdf  used on input lin
e 382. on input line 382.
Package pdftex.def Info: Requested size: 252.94327pt x 177.06029pt on input lin
e 382.

Overfull \hbox (9.03201pt too wide) in paragraph at lines 382--383
[][] 
 []


Underfull \vbox (badness 4505) has occurred while \output is active []

 [5 <./1stconfig-eps-converted-to.pdf>]
Package epstopdf Info: Source file: <3rdconfig_10_90.eps>
(epstopdf)                    date: 2018-01-14 18:47:22
(epstopdf)                    size: 22896 bytes
(epstopdf)             Output file: <3rdconfig_10_90-eps-converted-to.pdf>
(epstopdf)                    date: 2018-01-14 18:47:29
(epstopdf)                    size: 7186 bytes
(epstopdf)             Command: <repstopdf --outfile=3rdconfig_10_90-eps-conver
ted-to.pdf 3rdconfig_10_90.eps>
(epstopdf)             \includegraphics on input line 392.
Package epstopdf Info: Output file is already uptodate.
<3rdconfig_10_90-eps-converted-to.pdf, id=39, pagebox=cropbox, 361.35pt x 252.9
45pt>
File: 3rdconfig_10_90-eps-converted-to.pdf Graphic file (type pdf)
<use 3rdconfig_10_90-eps-converted-to.pdf>
Package pdftex.def Info: 3rdconfig_10_90-eps-converted-to.pdf  used on input li
ne 392. on input line 392.
Package pdftex.def Info: Requested size: 252.94327pt x 177.06029pt on input lin
e 392.

Overfull \hbox (9.03201pt too wide) in paragraph at lines 392--393
[][] 
 []

Package epstopdf Info: Source file: <4thconfig_10_90.eps>
(epstopdf)                    date: 2018-01-14 22:27:01
(epstopdf)                    size: 22894 bytes
(epstopdf)             Output file: <4thconfig_10_90-eps-converted-to.pdf>
(epstopdf)                    date: 2018-01-14 22:27:07
(epstopdf)                    size: 7179 bytes
(epstopdf)             Command: <repstopdf --outfile=4thconfig_10_90-eps-conver
ted-to.pdf 4thconfig_10_90.eps>
(epstopdf)             \includegraphics on input line 403.
Package epstopdf Info: Output file is already uptodate.
<4thconfig_10_90-eps-converted-to.pdf, id=40, pagebox=cropbox, 361.35pt x 252.9
45pt>
File: 4thconfig_10_90-eps-converted-to.pdf Graphic file (type pdf)
<use 4thconfig_10_90-eps-converted-to.pdf>
Package pdftex.def Info: 4thconfig_10_90-eps-converted-to.pdf  used on input li
ne 403. on input line 403.
Package pdftex.def Info: Requested size: 252.94327pt x 177.06029pt on input lin
e 403.

Overfull \hbox (9.03201pt too wide) in paragraph at lines 403--404
[][] 
 []

[6 <./1stconfig_1_90-eps-converted-to.pdf> <./3rdconfig_10_90-eps-converted-to.
pdf> <./4thconfig_10_90-eps-converted-to.pdf>]
Package epstopdf Info: Source file: <5thconfig.eps>
(epstopdf)                    date: 2018-01-14 22:47:02
(epstopdf)                    size: 22876 bytes
(epstopdf)             Output file: <5thconfig-eps-converted-to.pdf>
(epstopdf)                    date: 2018-01-14 22:47:55
(epstopdf)                    size: 7159 bytes
(epstopdf)             Command: <repstopdf --outfile=5thconfig-eps-converted-to
.pdf 5thconfig.eps>
(epstopdf)             \includegraphics on input line 413.
Package epstopdf Info: Output file is already uptodate.
<5thconfig-eps-converted-to.pdf, id=60, pagebox=cropbox, 361.35pt x 252.945pt>
File: 5thconfig-eps-converted-to.pdf Graphic file (type pdf)
<use 5thconfig-eps-converted-to.pdf>
Package pdftex.def Info: 5thconfig-eps-converted-to.pdf  used on input line 413
. on input line 413.
Package pdftex.def Info: Requested size: 252.94327pt x 177.06029pt on input lin
e 413.

Overfull \hbox (9.03201pt too wide) in paragraph at lines 413--414
[][] 
 []

Package epstopdf Info: Source file: <5thconfig_1_90.eps>
(epstopdf)                    date: 2018-01-14 23:34:32
(epstopdf)                    size: 22818 bytes
(epstopdf)             Output file: <5thconfig_1_90-eps-converted-to.pdf>
(epstopdf)                    date: 2018-01-14 23:34:44
(epstopdf)                    size: 7053 bytes
(epstopdf)             Command: <repstopdf --outfile=5thconfig_1_90-eps-convert
ed-to.pdf 5thconfig_1_90.eps>
(epstopdf)             \includegraphics on input line 419.
Package epstopdf Info: Output file is already uptodate.
<5thconfig_1_90-eps-converted-to.pdf, id=61, pagebox=cropbox, 361.35pt x 252.94
5pt>
File: 5thconfig_1_90-eps-converted-to.pdf Graphic file (type pdf)
<use 5thconfig_1_90-eps-converted-to.pdf>
Package pdftex.def Info: 5thconfig_1_90-eps-converted-to.pdf  used on input lin
e 419. on input line 419.
Package pdftex.def Info: Requested size: 252.94327pt x 177.06029pt on input lin
e 419.

Overfull \hbox (9.03201pt too wide) in paragraph at lines 419--420
[][] 
 []


Underfull \vbox (badness 10000) has occurred while \output is active []


(./main.bbl [7 <./5thconfig-eps-converted-to.pdf> <./5thconfig_1_90-eps-convert
ed-to.pdf>])

** Conference Paper **
Before submitting the final camera ready copy, remember to:

 1. Manually equalize the lengths of two columns on the last page
 of your paper;

 2. Ensure that any PostScript and/or PDF output post-processing
 uses only Type 1 fonts and that every step in the generation
 process uses the appropriate paper size.

[8] (./main.aux) ) 
Here is how much of TeX's memory you used:
 5090 strings out of 494229
 75728 string characters out of 6160797
 199016 words of memory out of 5000000
 8349 multiletter control sequences out of 15000+600000
 49622 words of font info for 110 fonts, out of 8000000 for 9000
 395 hyphenation exceptions out of 8191
 41i,15n,36p,1261b,1293s stack positions out of 5000i,500n,10000p,200000b,80000s
{/usr/share/texlive/texmf-dist/fonts/enc/dvips/base/8r.enc}</
usr/share/texlive/texmf-dist/fonts/type1/public/amsfonts/cm/cmmi10.pfb></usr/sh
are/texlive/texmf-dist/fonts/type1/public/amsfonts/cm/cmmi5.pfb></usr/share/tex
live/texmf-dist/fonts/type1/public/amsfonts/cm/cmmi7.pfb></usr/share/texlive/te
xmf-dist/fonts/type1/public/amsfonts/cm/cmmi8.pfb></usr/share/texlive/texmf-dis
t/fonts/type1/public/amsfonts/cm/cmr10.pfb></usr/share/texlive/texmf-dist/fonts
/type1/public/amsfonts/cm/cmr7.pfb></usr/share/texlive/texmf-dist/fonts/type1/p
ublic/amsfonts/cm/cmr8.pfb></usr/share/texlive/texmf-dist/fonts/type1/public/am
sfonts/cm/cmsy10.pfb></usr/share/texlive/texmf-dist/fonts/type1/public/amsfonts
/cm/cmsy7.pfb></usr/share/texlive/texmf-dist/fonts/type1/public/amsfonts/cm/cmt
t10.pfb></usr/share/texlive/texmf-dist/fonts/type1/urw/courier/ucrr8a.pfb></usr
/share/texlive/texmf-dist/fonts/type1/urw/times/utmb8a.pfb></usr/share/texlive/
texmf-dist/fonts/type1/urw/times/utmbi8a.pfb></usr/share/texlive/texmf-dist/fon
ts/type1/urw/times/utmr8a.pfb></usr/share/texlive/texmf-dist/fonts/type1/urw/ti
mes/utmri8a.pfb>
Output written on main.pdf (8 pages, 216260 bytes).
PDF statistics:
 128 PDF objects out of 1000 (max. 8388607)
 90 compressed objects within 1 object stream
 0 named destinations out of 1000 (max. 500000)
 31 words of extra memory for PDF output out of 10000 (max. 10000000)

